{"/home/runner/work/potato/potato/src/config.js": {"path":"/home/runner/work/potato/potato/src/config.js","statementMap":{"0":{"start":{"line":4,"column":27},"end":{"line":40,"column":1}},"1":{"start":{"line":45,"column":26},"end":{"line":51,"column":1}},"2":{"start":{"line":56,"column":26},"end":{"line":67,"column":1}},"3":{"start":{"line":72,"column":28},"end":{"line":79,"column":1}}},"fnMap":{},"branchMap":{},"s":{"0":4,"1":4,"2":4,"3":4},"f":{},"b":{},"_coverageSchema":"1a1c01bbd47fc00a2c39e90264f33305004495a9","hash":"19e348304cd971fa010bf7deadf61108c258e493"}
,"/home/runner/work/potato/potato/src/scenes/GameScene.js": {"path":"/home/runner/work/potato/potato/src/scenes/GameScene.js","statementMap":{"0":{"start":{"line":10,"column":4},"end":{"line":10,"column":36}},"1":{"start":{"line":18,"column":22},"end":{"line":18,"column":54}},"2":{"start":{"line":19,"column":4},"end":{"line":19,"column":55}},"3":{"start":{"line":20,"column":4},"end":{"line":20,"column":63}},"4":{"start":{"line":21,"column":4},"end":{"line":21,"column":45}},"5":{"start":{"line":24,"column":25},"end":{"line":24,"column":47}},"6":{"start":{"line":25,"column":4},"end":{"line":27,"column":5}},"7":{"start":{"line":26,"column":6},"end":{"line":26,"column":57}},"8":{"start":{"line":29,"column":4},"end":{"line":29,"column":24}},"9":{"start":{"line":30,"column":4},"end":{"line":30,"column":23}},"10":{"start":{"line":31,"column":4},"end":{"line":31,"column":24}},"11":{"start":{"line":32,"column":4},"end":{"line":32,"column":26}},"12":{"start":{"line":33,"column":4},"end":{"line":33,"column":26}},"13":{"start":{"line":34,"column":4},"end":{"line":34,"column":30}},"14":{"start":{"line":35,"column":4},"end":{"line":35,"column":37}},"15":{"start":{"line":36,"column":4},"end":{"line":36,"column":37}},"16":{"start":{"line":43,"column":18},"end":{"line":43,"column":41}},"17":{"start":{"line":44,"column":19},"end":{"line":44,"column":43}},"18":{"start":{"line":47,"column":4},"end":{"line":47,"column":52}},"19":{"start":{"line":50,"column":4},"end":{"line":50,"column":24}},"20":{"start":{"line":53,"column":4},"end":{"line":53,"column":26}},"21":{"start":{"line":56,"column":4},"end":{"line":56,"column":28}},"22":{"start":{"line":59,"column":4},"end":{"line":59,"column":32}},"23":{"start":{"line":62,"column":4},"end":{"line":62,"column":20}},"24":{"start":{"line":65,"column":4},"end":{"line":65,"column":24}},"25":{"start":{"line":68,"column":4},"end":{"line":68,"column":31}},"26":{"start":{"line":75,"column":18},"end":{"line":75,"column":41}},"27":{"start":{"line":76,"column":19},"end":{"line":76,"column":43}},"28":{"start":{"line":79,"column":4},"end":{"line":79,"column":82}},"29":{"start":{"line":80,"column":4},"end":{"line":80,"column":49}},"30":{"start":{"line":83,"column":4},"end":{"line":83,"column":73}},"31":{"start":{"line":84,"column":4},"end":{"line":84,"column":43}},"32":{"start":{"line":85,"column":4},"end":{"line":85,"column":49}},"33":{"start":{"line":86,"column":4},"end":{"line":86,"column":37}},"34":{"start":{"line":89,"column":4},"end":{"line":89,"column":56}},"35":{"start":{"line":97,"column":4},"end":{"line":97,"column":58}},"36":{"start":{"line":98,"column":4},"end":{"line":98,"column":85}},"37":{"start":{"line":101,"column":4},"end":{"line":101,"column":31}},"38":{"start":{"line":108,"column":18},"end":{"line":108,"column":41}},"39":{"start":{"line":109,"column":19},"end":{"line":109,"column":43}},"40":{"start":{"line":112,"column":4},"end":{"line":116,"column":6}},"41":{"start":{"line":120,"column":4},"end":{"line":123,"column":20}},"42":{"start":{"line":126,"column":4},"end":{"line":129,"column":20}},"43":{"start":{"line":132,"column":4},"end":{"line":135,"column":20}},"44":{"start":{"line":138,"column":4},"end":{"line":140,"column":7}},"45":{"start":{"line":139,"column":6},"end":{"line":139,"column":34}},"46":{"start":{"line":142,"column":4},"end":{"line":144,"column":7}},"47":{"start":{"line":143,"column":6},"end":{"line":143,"column":35}},"48":{"start":{"line":146,"column":4},"end":{"line":148,"column":7}},"49":{"start":{"line":147,"column":6},"end":{"line":147,"column":35}},"50":{"start":{"line":151,"column":4},"end":{"line":153,"column":7}},"51":{"start":{"line":152,"column":6},"end":{"line":152,"column":35}},"52":{"start":{"line":155,"column":4},"end":{"line":157,"column":7}},"53":{"start":{"line":156,"column":6},"end":{"line":156,"column":36}},"54":{"start":{"line":159,"column":4},"end":{"line":161,"column":7}},"55":{"start":{"line":160,"column":6},"end":{"line":160,"column":36}},"56":{"start":{"line":164,"column":4},"end":{"line":166,"column":7}},"57":{"start":{"line":165,"column":6},"end":{"line":165,"column":34}},"58":{"start":{"line":168,"column":4},"end":{"line":170,"column":7}},"59":{"start":{"line":169,"column":6},"end":{"line":169,"column":35}},"60":{"start":{"line":172,"column":4},"end":{"line":174,"column":7}},"61":{"start":{"line":173,"column":6},"end":{"line":173,"column":35}},"62":{"start":{"line":177,"column":4},"end":{"line":177,"column":33}},"63":{"start":{"line":184,"column":18},"end":{"line":184,"column":41}},"64":{"start":{"line":185,"column":19},"end":{"line":185,"column":43}},"65":{"start":{"line":188,"column":21},"end":{"line":188,"column":53}},"66":{"start":{"line":189,"column":18},"end":{"line":189,"column":63}},"67":{"start":{"line":192,"column":4},"end":{"line":197,"column":38}},"68":{"start":{"line":200,"column":4},"end":{"line":205,"column":38}},"69":{"start":{"line":208,"column":4},"end":{"line":213,"column":38}},"70":{"start":{"line":220,"column":4},"end":{"line":220,"column":44}},"71":{"start":{"line":221,"column":4},"end":{"line":221,"column":46}},"72":{"start":{"line":229,"column":4},"end":{"line":231,"column":5}},"73":{"start":{"line":229,"column":17},"end":{"line":229,"column":18}},"74":{"start":{"line":230,"column":6},"end":{"line":230,"column":26}},"75":{"start":{"line":238,"column":4},"end":{"line":243,"column":7}},"76":{"start":{"line":246,"column":4},"end":{"line":251,"column":7}},"77":{"start":{"line":254,"column":21},"end":{"line":254,"column":53}},"78":{"start":{"line":255,"column":28},"end":{"line":257,"column":40}},"79":{"start":{"line":259,"column":4},"end":{"line":264,"column":7}},"80":{"start":{"line":267,"column":23},"end":{"line":272,"column":22}},"81":{"start":{"line":274,"column":4},"end":{"line":274,"column":55}},"82":{"start":{"line":275,"column":4},"end":{"line":277,"column":7}},"83":{"start":{"line":276,"column":6},"end":{"line":276,"column":40}},"84":{"start":{"line":285,"column":4},"end":{"line":285,"column":88}},"85":{"start":{"line":288,"column":4},"end":{"line":288,"column":89}},"86":{"start":{"line":296,"column":4},"end":{"line":301,"column":7}},"87":{"start":{"line":304,"column":4},"end":{"line":309,"column":7}},"88":{"start":{"line":312,"column":4},"end":{"line":312,"column":63}},"89":{"start":{"line":319,"column":18},"end":{"line":319,"column":41}},"90":{"start":{"line":320,"column":19},"end":{"line":320,"column":43}},"91":{"start":{"line":322,"column":14},"end":{"line":322,"column":51}},"92":{"start":{"line":323,"column":14},"end":{"line":323,"column":52}},"93":{"start":{"line":325,"column":19},"end":{"line":325,"column":95}},"94":{"start":{"line":326,"column":4},"end":{"line":326,"column":38}},"95":{"start":{"line":329,"column":4},"end":{"line":329,"column":58}},"96":{"start":{"line":330,"column":4},"end":{"line":330,"column":116}},"97":{"start":{"line":332,"column":4},"end":{"line":332,"column":29}},"98":{"start":{"line":335,"column":4},"end":{"line":335,"column":40}},"99":{"start":{"line":336,"column":4},"end":{"line":336,"column":39}},"100":{"start":{"line":343,"column":4},"end":{"line":343,"column":30}},"101":{"start":{"line":343,"column":23},"end":{"line":343,"column":30}},"102":{"start":{"line":345,"column":18},"end":{"line":345,"column":41}},"103":{"start":{"line":346,"column":19},"end":{"line":346,"column":43}},"104":{"start":{"line":349,"column":27},"end":{"line":349,"column":114}},"105":{"start":{"line":350,"column":26},"end":{"line":350,"column":53}},"106":{"start":{"line":353,"column":14},"end":{"line":353,"column":41}},"107":{"start":{"line":354,"column":14},"end":{"line":354,"column":48}},"108":{"start":{"line":357,"column":21},"end":{"line":357,"column":105}},"109":{"start":{"line":360,"column":4},"end":{"line":360,"column":41}},"110":{"start":{"line":363,"column":4},"end":{"line":363,"column":40}},"111":{"start":{"line":364,"column":4},"end":{"line":364,"column":37}},"112":{"start":{"line":367,"column":4},"end":{"line":367,"column":26}},"113":{"start":{"line":368,"column":4},"end":{"line":368,"column":53}},"114":{"start":{"line":370,"column":4},"end":{"line":370,"column":33}},"115":{"start":{"line":373,"column":4},"end":{"line":376,"column":6}},"116":{"start":{"line":384,"column":4},"end":{"line":384,"column":25}},"117":{"start":{"line":387,"column":23},"end":{"line":387,"column":92}},"118":{"start":{"line":390,"column":4},"end":{"line":402,"column":7}},"119":{"start":{"line":399,"column":8},"end":{"line":399,"column":29}},"120":{"start":{"line":400,"column":8},"end":{"line":400,"column":30}},"121":{"start":{"line":405,"column":18},"end":{"line":405,"column":41}},"122":{"start":{"line":406,"column":19},"end":{"line":406,"column":43}},"123":{"start":{"line":408,"column":25},"end":{"line":414,"column":21}},"124":{"start":{"line":417,"column":4},"end":{"line":424,"column":7}},"125":{"start":{"line":422,"column":8},"end":{"line":422,"column":31}},"126":{"start":{"line":431,"column":4},"end":{"line":431,"column":21}},"127":{"start":{"line":432,"column":4},"end":{"line":432,"column":28}},"128":{"start":{"line":433,"column":4},"end":{"line":433,"column":66}},"129":{"start":{"line":436,"column":4},"end":{"line":436,"column":65}},"130":{"start":{"line":439,"column":4},"end":{"line":443,"column":5}},"131":{"start":{"line":440,"column":6},"end":{"line":440,"column":39}},"132":{"start":{"line":441,"column":6},"end":{"line":441,"column":49}},"133":{"start":{"line":442,"column":6},"end":{"line":442,"column":40}},"134":{"start":{"line":446,"column":4},"end":{"line":448,"column":5}},"135":{"start":{"line":447,"column":6},"end":{"line":447,"column":30}},"136":{"start":{"line":456,"column":4},"end":{"line":456,"column":51}},"137":{"start":{"line":456,"column":44},"end":{"line":456,"column":51}},"138":{"start":{"line":459,"column":4},"end":{"line":459,"column":53}},"139":{"start":{"line":460,"column":4},"end":{"line":460,"column":57}},"140":{"start":{"line":463,"column":4},"end":{"line":463,"column":55}},"141":{"start":{"line":466,"column":4},"end":{"line":466,"column":35}},"142":{"start":{"line":467,"column":4},"end":{"line":467,"column":35}},"143":{"start":{"line":470,"column":4},"end":{"line":470,"column":29}},"144":{"start":{"line":471,"column":4},"end":{"line":471,"column":39}},"145":{"start":{"line":474,"column":4},"end":{"line":476,"column":5}},"146":{"start":{"line":475,"column":6},"end":{"line":475,"column":41}},"147":{"start":{"line":479,"column":4},"end":{"line":483,"column":7}},"148":{"start":{"line":480,"column":6},"end":{"line":480,"column":32}},"149":{"start":{"line":481,"column":6},"end":{"line":481,"column":41}},"150":{"start":{"line":482,"column":6},"end":{"line":482,"column":39}},"151":{"start":{"line":486,"column":4},"end":{"line":489,"column":5}},"152":{"start":{"line":487,"column":6},"end":{"line":487,"column":27}},"153":{"start":{"line":488,"column":6},"end":{"line":488,"column":32}},"154":{"start":{"line":492,"column":4},"end":{"line":492,"column":23}},"155":{"start":{"line":500,"column":4},"end":{"line":500,"column":36}},"156":{"start":{"line":503,"column":4},"end":{"line":503,"column":57}},"157":{"start":{"line":503,"column":26},"end":{"line":503,"column":57}},"158":{"start":{"line":504,"column":4},"end":{"line":504,"column":61}},"159":{"start":{"line":504,"column":28},"end":{"line":504,"column":61}},"160":{"start":{"line":507,"column":18},"end":{"line":507,"column":41}},"161":{"start":{"line":508,"column":19},"end":{"line":508,"column":43}},"162":{"start":{"line":510,"column":20},"end":{"line":510,"column":91}},"163":{"start":{"line":513,"column":25},"end":{"line":518,"column":21}},"164":{"start":{"line":521,"column":28},"end":{"line":524,"column":21}},"165":{"start":{"line":527,"column":23},"end":{"line":530,"column":21}},"166":{"start":{"line":533,"column":29},"end":{"line":538,"column":21}},"167":{"start":{"line":541,"column":27},"end":{"line":546,"column":21}},"168":{"start":{"line":549,"column":4},"end":{"line":549,"column":61}},"169":{"start":{"line":550,"column":4},"end":{"line":550,"column":59}},"170":{"start":{"line":553,"column":4},"end":{"line":555,"column":7}},"171":{"start":{"line":554,"column":6},"end":{"line":554,"column":53}},"172":{"start":{"line":557,"column":4},"end":{"line":559,"column":7}},"173":{"start":{"line":558,"column":6},"end":{"line":558,"column":53}},"174":{"start":{"line":561,"column":4},"end":{"line":563,"column":7}},"175":{"start":{"line":562,"column":6},"end":{"line":562,"column":51}},"176":{"start":{"line":565,"column":4},"end":{"line":567,"column":7}},"177":{"start":{"line":566,"column":6},"end":{"line":566,"column":51}},"178":{"start":{"line":570,"column":4},"end":{"line":578,"column":7}},"179":{"start":{"line":571,"column":6},"end":{"line":571,"column":54}},"180":{"start":{"line":577,"column":6},"end":{"line":577,"column":115}},"181":{"start":{"line":580,"column":4},"end":{"line":582,"column":7}},"182":{"start":{"line":581,"column":6},"end":{"line":581,"column":115}},"183":{"start":{"line":590,"column":4},"end":{"line":590,"column":22}},"184":{"start":{"line":591,"column":4},"end":{"line":591,"column":27}},"185":{"start":{"line":592,"column":4},"end":{"line":592,"column":30}},"186":{"start":{"line":593,"column":4},"end":{"line":593,"column":25}},"187":{"start":{"line":594,"column":4},"end":{"line":594,"column":31}},"188":{"start":{"line":595,"column":4},"end":{"line":595,"column":29}},"189":{"start":{"line":598,"column":4},"end":{"line":598,"column":37}},"190":{"start":{"line":601,"column":4},"end":{"line":601,"column":58}},"191":{"start":{"line":601,"column":26},"end":{"line":601,"column":58}},"192":{"start":{"line":602,"column":4},"end":{"line":602,"column":62}},"193":{"start":{"line":602,"column":28},"end":{"line":602,"column":62}},"194":{"start":{"line":610,"column":4},"end":{"line":610,"column":52}},"195":{"start":{"line":610,"column":26},"end":{"line":610,"column":52}},"196":{"start":{"line":611,"column":4},"end":{"line":611,"column":56}},"197":{"start":{"line":611,"column":28},"end":{"line":611,"column":56}},"198":{"start":{"line":614,"column":18},"end":{"line":614,"column":41}},"199":{"start":{"line":615,"column":19},"end":{"line":615,"column":43}},"200":{"start":{"line":617,"column":20},"end":{"line":617,"column":91}},"201":{"start":{"line":620,"column":25},"end":{"line":625,"column":21}},"202":{"start":{"line":628,"column":22},"end":{"line":631,"column":21}},"203":{"start":{"line":634,"column":26},"end":{"line":639,"column":21}},"204":{"start":{"line":642,"column":23},"end":{"line":647,"column":21}},"205":{"start":{"line":650,"column":4},"end":{"line":650,"column":58}},"206":{"start":{"line":651,"column":4},"end":{"line":651,"column":55}},"207":{"start":{"line":654,"column":4},"end":{"line":656,"column":7}},"208":{"start":{"line":655,"column":6},"end":{"line":655,"column":50}},"209":{"start":{"line":658,"column":4},"end":{"line":660,"column":7}},"210":{"start":{"line":659,"column":6},"end":{"line":659,"column":50}},"211":{"start":{"line":662,"column":4},"end":{"line":664,"column":7}},"212":{"start":{"line":663,"column":6},"end":{"line":663,"column":47}},"213":{"start":{"line":666,"column":4},"end":{"line":668,"column":7}},"214":{"start":{"line":667,"column":6},"end":{"line":667,"column":47}},"215":{"start":{"line":671,"column":4},"end":{"line":673,"column":7}},"216":{"start":{"line":672,"column":6},"end":{"line":672,"column":27}},"217":{"start":{"line":675,"column":4},"end":{"line":677,"column":7}},"218":{"start":{"line":676,"column":6},"end":{"line":676,"column":40}},"219":{"start":{"line":685,"column":4},"end":{"line":685,"column":58}},"220":{"start":{"line":685,"column":51},"end":{"line":685,"column":58}},"221":{"start":{"line":687,"column":4},"end":{"line":687,"column":32}},"222":{"start":{"line":688,"column":4},"end":{"line":688,"column":27}},"223":{"start":{"line":695,"column":4},"end":{"line":695,"column":32}},"224":{"start":{"line":695,"column":25},"end":{"line":695,"column":32}},"225":{"start":{"line":697,"column":4},"end":{"line":712,"column":7}},"226":{"start":{"line":698,"column":6},"end":{"line":711,"column":7}},"227":{"start":{"line":700,"column":8},"end":{"line":700,"column":71}},"228":{"start":{"line":703,"column":8},"end":{"line":705,"column":9}},"229":{"start":{"line":704,"column":10},"end":{"line":704,"column":41}},"230":{"start":{"line":708,"column":8},"end":{"line":710,"column":9}},"231":{"start":{"line":709,"column":10},"end":{"line":709,"column":29}},"232":{"start":{"line":719,"column":19},"end":{"line":719,"column":30}},"233":{"start":{"line":720,"column":20},"end":{"line":720,"column":32}},"234":{"start":{"line":721,"column":18},"end":{"line":721,"column":33}},"235":{"start":{"line":722,"column":21},"end":{"line":722,"column":53}},"236":{"start":{"line":725,"column":4},"end":{"line":744,"column":5}},"237":{"start":{"line":726,"column":6},"end":{"line":726,"column":66}},"238":{"start":{"line":728,"column":6},"end":{"line":730,"column":7}},"239":{"start":{"line":729,"column":8},"end":{"line":729,"column":70}},"240":{"start":{"line":731,"column":11},"end":{"line":744,"column":5}},"241":{"start":{"line":732,"column":6},"end":{"line":732,"column":65}},"242":{"start":{"line":734,"column":6},"end":{"line":736,"column":7}},"243":{"start":{"line":735,"column":8},"end":{"line":735,"column":71}},"244":{"start":{"line":738,"column":6},"end":{"line":738,"column":34}},"245":{"start":{"line":740,"column":6},"end":{"line":743,"column":7}},"246":{"start":{"line":741,"column":8},"end":{"line":741,"column":68}},"247":{"start":{"line":742,"column":8},"end":{"line":742,"column":69}},"248":{"start":{"line":747,"column":4},"end":{"line":758,"column":5}},"249":{"start":{"line":748,"column":6},"end":{"line":748,"column":66}},"250":{"start":{"line":750,"column":6},"end":{"line":752,"column":7}},"251":{"start":{"line":751,"column":8},"end":{"line":751,"column":70}},"252":{"start":{"line":755,"column":6},"end":{"line":757,"column":7}},"253":{"start":{"line":756,"column":8},"end":{"line":756,"column":68}}},"fnMap":{"0":{"name":"(anonymous_0)","decl":{"start":{"line":9,"column":2},"end":{"line":9,"column":3}},"loc":{"start":{"line":9,"column":16},"end":{"line":11,"column":3}},"line":9},"1":{"name":"(anonymous_1)","decl":{"start":{"line":16,"column":2},"end":{"line":16,"column":3}},"loc":{"start":{"line":16,"column":9},"end":{"line":37,"column":3}},"line":16},"2":{"name":"(anonymous_2)","decl":{"start":{"line":42,"column":2},"end":{"line":42,"column":3}},"loc":{"start":{"line":42,"column":11},"end":{"line":69,"column":3}},"line":42},"3":{"name":"(anonymous_3)","decl":{"start":{"line":74,"column":2},"end":{"line":74,"column":3}},"loc":{"start":{"line":74,"column":17},"end":{"line":90,"column":3}},"line":74},"4":{"name":"(anonymous_4)","decl":{"start":{"line":95,"column":2},"end":{"line":95,"column":3}},"loc":{"start":{"line":95,"column":19},"end":{"line":102,"column":3}},"line":95},"5":{"name":"(anonymous_5)","decl":{"start":{"line":107,"column":2},"end":{"line":107,"column":3}},"loc":{"start":{"line":107,"column":24},"end":{"line":178,"column":3}},"line":107},"6":{"name":"(anonymous_6)","decl":{"start":{"line":138,"column":41},"end":{"line":138,"column":42}},"loc":{"start":{"line":138,"column":47},"end":{"line":140,"column":5}},"line":138},"7":{"name":"(anonymous_7)","decl":{"start":{"line":142,"column":39},"end":{"line":142,"column":40}},"loc":{"start":{"line":142,"column":45},"end":{"line":144,"column":5}},"line":142},"8":{"name":"(anonymous_8)","decl":{"start":{"line":146,"column":40},"end":{"line":146,"column":41}},"loc":{"start":{"line":146,"column":46},"end":{"line":148,"column":5}},"line":146},"9":{"name":"(anonymous_9)","decl":{"start":{"line":151,"column":42},"end":{"line":151,"column":43}},"loc":{"start":{"line":151,"column":48},"end":{"line":153,"column":5}},"line":151},"10":{"name":"(anonymous_10)","decl":{"start":{"line":155,"column":40},"end":{"line":155,"column":41}},"loc":{"start":{"line":155,"column":46},"end":{"line":157,"column":5}},"line":155},"11":{"name":"(anonymous_11)","decl":{"start":{"line":159,"column":41},"end":{"line":159,"column":42}},"loc":{"start":{"line":159,"column":47},"end":{"line":161,"column":5}},"line":159},"12":{"name":"(anonymous_12)","decl":{"start":{"line":164,"column":41},"end":{"line":164,"column":42}},"loc":{"start":{"line":164,"column":47},"end":{"line":166,"column":5}},"line":164},"13":{"name":"(anonymous_13)","decl":{"start":{"line":168,"column":39},"end":{"line":168,"column":40}},"loc":{"start":{"line":168,"column":45},"end":{"line":170,"column":5}},"line":168},"14":{"name":"(anonymous_14)","decl":{"start":{"line":172,"column":40},"end":{"line":172,"column":41}},"loc":{"start":{"line":172,"column":46},"end":{"line":174,"column":5}},"line":172},"15":{"name":"(anonymous_15)","decl":{"start":{"line":183,"column":2},"end":{"line":183,"column":3}},"loc":{"start":{"line":183,"column":26},"end":{"line":214,"column":3}},"line":183},"16":{"name":"(anonymous_16)","decl":{"start":{"line":219,"column":2},"end":{"line":219,"column":3}},"loc":{"start":{"line":219,"column":21},"end":{"line":222,"column":3}},"line":219},"17":{"name":"(anonymous_17)","decl":{"start":{"line":227,"column":2},"end":{"line":227,"column":3}},"loc":{"start":{"line":227,"column":25},"end":{"line":232,"column":3}},"line":227},"18":{"name":"(anonymous_18)","decl":{"start":{"line":237,"column":2},"end":{"line":237,"column":3}},"loc":{"start":{"line":237,"column":13},"end":{"line":278,"column":3}},"line":237},"19":{"name":"(anonymous_19)","decl":{"start":{"line":275,"column":33},"end":{"line":275,"column":34}},"loc":{"start":{"line":275,"column":39},"end":{"line":277,"column":5}},"line":275},"20":{"name":"(anonymous_20)","decl":{"start":{"line":283,"column":2},"end":{"line":283,"column":3}},"loc":{"start":{"line":283,"column":17},"end":{"line":289,"column":3}},"line":283},"21":{"name":"(anonymous_21)","decl":{"start":{"line":294,"column":2},"end":{"line":294,"column":3}},"loc":{"start":{"line":294,"column":24},"end":{"line":313,"column":3}},"line":294},"22":{"name":"(anonymous_22)","decl":{"start":{"line":318,"column":2},"end":{"line":318,"column":3}},"loc":{"start":{"line":318,"column":17},"end":{"line":337,"column":3}},"line":318},"23":{"name":"(anonymous_23)","decl":{"start":{"line":342,"column":2},"end":{"line":342,"column":3}},"loc":{"start":{"line":342,"column":19},"end":{"line":377,"column":3}},"line":342},"24":{"name":"(anonymous_24)","decl":{"start":{"line":382,"column":2},"end":{"line":382,"column":3}},"loc":{"start":{"line":382,"column":31},"end":{"line":425,"column":3}},"line":382},"25":{"name":"(anonymous_25)","decl":{"start":{"line":398,"column":18},"end":{"line":398,"column":19}},"loc":{"start":{"line":398,"column":24},"end":{"line":401,"column":7}},"line":398},"26":{"name":"(anonymous_26)","decl":{"start":{"line":421,"column":18},"end":{"line":421,"column":19}},"loc":{"start":{"line":421,"column":24},"end":{"line":423,"column":7}},"line":421},"27":{"name":"(anonymous_27)","decl":{"start":{"line":430,"column":2},"end":{"line":430,"column":3}},"loc":{"start":{"line":430,"column":32},"end":{"line":449,"column":3}},"line":430},"28":{"name":"(anonymous_28)","decl":{"start":{"line":454,"column":2},"end":{"line":454,"column":3}},"loc":{"start":{"line":454,"column":32},"end":{"line":493,"column":3}},"line":454},"29":{"name":"(anonymous_29)","decl":{"start":{"line":479,"column":60},"end":{"line":479,"column":61}},"loc":{"start":{"line":479,"column":66},"end":{"line":483,"column":5}},"line":479},"30":{"name":"(anonymous_30)","decl":{"start":{"line":498,"column":2},"end":{"line":498,"column":3}},"loc":{"start":{"line":498,"column":21},"end":{"line":583,"column":3}},"line":498},"31":{"name":"(anonymous_31)","decl":{"start":{"line":553,"column":39},"end":{"line":553,"column":40}},"loc":{"start":{"line":553,"column":45},"end":{"line":555,"column":5}},"line":553},"32":{"name":"(anonymous_32)","decl":{"start":{"line":557,"column":38},"end":{"line":557,"column":39}},"loc":{"start":{"line":557,"column":44},"end":{"line":559,"column":5}},"line":557},"33":{"name":"(anonymous_33)","decl":{"start":{"line":561,"column":37},"end":{"line":561,"column":38}},"loc":{"start":{"line":561,"column":43},"end":{"line":563,"column":5}},"line":561},"34":{"name":"(anonymous_34)","decl":{"start":{"line":565,"column":36},"end":{"line":565,"column":37}},"loc":{"start":{"line":565,"column":42},"end":{"line":567,"column":5}},"line":565},"35":{"name":"(anonymous_35)","decl":{"start":{"line":570,"column":39},"end":{"line":570,"column":40}},"loc":{"start":{"line":570,"column":45},"end":{"line":578,"column":5}},"line":570},"36":{"name":"(anonymous_36)","decl":{"start":{"line":580,"column":37},"end":{"line":580,"column":38}},"loc":{"start":{"line":580,"column":43},"end":{"line":582,"column":5}},"line":580},"37":{"name":"(anonymous_37)","decl":{"start":{"line":588,"column":2},"end":{"line":588,"column":3}},"loc":{"start":{"line":588,"column":106},"end":{"line":603,"column":3}},"line":588},"38":{"name":"(anonymous_38)","decl":{"start":{"line":608,"column":2},"end":{"line":608,"column":3}},"loc":{"start":{"line":608,"column":23},"end":{"line":678,"column":3}},"line":608},"39":{"name":"(anonymous_39)","decl":{"start":{"line":654,"column":36},"end":{"line":654,"column":37}},"loc":{"start":{"line":654,"column":42},"end":{"line":656,"column":5}},"line":654},"40":{"name":"(anonymous_40)","decl":{"start":{"line":658,"column":35},"end":{"line":658,"column":36}},"loc":{"start":{"line":658,"column":41},"end":{"line":660,"column":5}},"line":658},"41":{"name":"(anonymous_41)","decl":{"start":{"line":662,"column":33},"end":{"line":662,"column":34}},"loc":{"start":{"line":662,"column":39},"end":{"line":664,"column":5}},"line":662},"42":{"name":"(anonymous_42)","decl":{"start":{"line":666,"column":32},"end":{"line":666,"column":33}},"loc":{"start":{"line":666,"column":38},"end":{"line":668,"column":5}},"line":666},"43":{"name":"(anonymous_43)","decl":{"start":{"line":671,"column":36},"end":{"line":671,"column":37}},"loc":{"start":{"line":671,"column":42},"end":{"line":673,"column":5}},"line":671},"44":{"name":"(anonymous_44)","decl":{"start":{"line":675,"column":33},"end":{"line":675,"column":34}},"loc":{"start":{"line":675,"column":39},"end":{"line":677,"column":5}},"line":675},"45":{"name":"(anonymous_45)","decl":{"start":{"line":683,"column":2},"end":{"line":683,"column":3}},"loc":{"start":{"line":683,"column":11},"end":{"line":689,"column":3}},"line":683},"46":{"name":"(anonymous_46)","decl":{"start":{"line":694,"column":2},"end":{"line":694,"column":3}},"loc":{"start":{"line":694,"column":20},"end":{"line":713,"column":3}},"line":694},"47":{"name":"(anonymous_47)","decl":{"start":{"line":697,"column":44},"end":{"line":697,"column":45}},"loc":{"start":{"line":697,"column":56},"end":{"line":712,"column":5}},"line":697},"48":{"name":"(anonymous_48)","decl":{"start":{"line":718,"column":2},"end":{"line":718,"column":3}},"loc":{"start":{"line":718,"column":25},"end":{"line":759,"column":3}},"line":718}},"branchMap":{"0":{"loc":{"start":{"line":25,"column":4},"end":{"line":27,"column":5}},"type":"if","locations":[{"start":{"line":25,"column":4},"end":{"line":27,"column":5}},{"start":{},"end":{}}],"line":25},"1":{"loc":{"start":{"line":189,"column":18},"end":{"line":189,"column":63}},"type":"cond-expr","locations":[{"start":{"line":189,"column":29},"end":{"line":189,"column":59}},{"start":{"line":189,"column":62},"end":{"line":189,"column":63}}],"line":189},"2":{"loc":{"start":{"line":255,"column":28},"end":{"line":257,"column":40}},"type":"cond-expr","locations":[{"start":{"line":256,"column":8},"end":{"line":256,"column":58}},{"start":{"line":257,"column":8},"end":{"line":257,"column":40}}],"line":255},"3":{"loc":{"start":{"line":343,"column":4},"end":{"line":343,"column":30}},"type":"if","locations":[{"start":{"line":343,"column":4},"end":{"line":343,"column":30}},{"start":{},"end":{}}],"line":343},"4":{"loc":{"start":{"line":439,"column":4},"end":{"line":443,"column":5}},"type":"if","locations":[{"start":{"line":439,"column":4},"end":{"line":443,"column":5}},{"start":{},"end":{}}],"line":439},"5":{"loc":{"start":{"line":446,"column":4},"end":{"line":448,"column":5}},"type":"if","locations":[{"start":{"line":446,"column":4},"end":{"line":448,"column":5}},{"start":{},"end":{}}],"line":446},"6":{"loc":{"start":{"line":456,"column":4},"end":{"line":456,"column":51}},"type":"if","locations":[{"start":{"line":456,"column":4},"end":{"line":456,"column":51}},{"start":{},"end":{}}],"line":456},"7":{"loc":{"start":{"line":456,"column":8},"end":{"line":456,"column":42}},"type":"binary-expr","locations":[{"start":{"line":456,"column":8},"end":{"line":456,"column":25}},{"start":{"line":456,"column":29},"end":{"line":456,"column":42}}],"line":456},"8":{"loc":{"start":{"line":474,"column":4},"end":{"line":476,"column":5}},"type":"if","locations":[{"start":{"line":474,"column":4},"end":{"line":476,"column":5}},{"start":{},"end":{}}],"line":474},"9":{"loc":{"start":{"line":486,"column":4},"end":{"line":489,"column":5}},"type":"if","locations":[{"start":{"line":486,"column":4},"end":{"line":489,"column":5}},{"start":{},"end":{}}],"line":486},"10":{"loc":{"start":{"line":503,"column":4},"end":{"line":503,"column":57}},"type":"if","locations":[{"start":{"line":503,"column":4},"end":{"line":503,"column":57}},{"start":{},"end":{}}],"line":503},"11":{"loc":{"start":{"line":504,"column":4},"end":{"line":504,"column":61}},"type":"if","locations":[{"start":{"line":504,"column":4},"end":{"line":504,"column":61}},{"start":{},"end":{}}],"line":504},"12":{"loc":{"start":{"line":601,"column":4},"end":{"line":601,"column":58}},"type":"if","locations":[{"start":{"line":601,"column":4},"end":{"line":601,"column":58}},{"start":{},"end":{}}],"line":601},"13":{"loc":{"start":{"line":602,"column":4},"end":{"line":602,"column":62}},"type":"if","locations":[{"start":{"line":602,"column":4},"end":{"line":602,"column":62}},{"start":{},"end":{}}],"line":602},"14":{"loc":{"start":{"line":610,"column":4},"end":{"line":610,"column":52}},"type":"if","locations":[{"start":{"line":610,"column":4},"end":{"line":610,"column":52}},{"start":{},"end":{}}],"line":610},"15":{"loc":{"start":{"line":611,"column":4},"end":{"line":611,"column":56}},"type":"if","locations":[{"start":{"line":611,"column":4},"end":{"line":611,"column":56}},{"start":{},"end":{}}],"line":611},"16":{"loc":{"start":{"line":685,"column":4},"end":{"line":685,"column":58}},"type":"if","locations":[{"start":{"line":685,"column":4},"end":{"line":685,"column":58}},{"start":{},"end":{}}],"line":685},"17":{"loc":{"start":{"line":685,"column":8},"end":{"line":685,"column":49}},"type":"binary-expr","locations":[{"start":{"line":685,"column":8},"end":{"line":685,"column":21}},{"start":{"line":685,"column":25},"end":{"line":685,"column":49}}],"line":685},"18":{"loc":{"start":{"line":695,"column":4},"end":{"line":695,"column":32}},"type":"if","locations":[{"start":{"line":695,"column":4},"end":{"line":695,"column":32}},{"start":{},"end":{}}],"line":695},"19":{"loc":{"start":{"line":698,"column":6},"end":{"line":711,"column":7}},"type":"if","locations":[{"start":{"line":698,"column":6},"end":{"line":711,"column":7}},{"start":{},"end":{}}],"line":698},"20":{"loc":{"start":{"line":703,"column":8},"end":{"line":705,"column":9}},"type":"if","locations":[{"start":{"line":703,"column":8},"end":{"line":705,"column":9}},{"start":{},"end":{}}],"line":703},"21":{"loc":{"start":{"line":708,"column":8},"end":{"line":710,"column":9}},"type":"if","locations":[{"start":{"line":708,"column":8},"end":{"line":710,"column":9}},{"start":{},"end":{}}],"line":708},"22":{"loc":{"start":{"line":725,"column":4},"end":{"line":744,"column":5}},"type":"if","locations":[{"start":{"line":725,"column":4},"end":{"line":744,"column":5}},{"start":{"line":731,"column":11},"end":{"line":744,"column":5}}],"line":725},"23":{"loc":{"start":{"line":725,"column":8},"end":{"line":725,"column":41}},"type":"binary-expr","locations":[{"start":{"line":725,"column":8},"end":{"line":725,"column":27}},{"start":{"line":725,"column":31},"end":{"line":725,"column":41}}],"line":725},"24":{"loc":{"start":{"line":728,"column":6},"end":{"line":730,"column":7}},"type":"if","locations":[{"start":{"line":728,"column":6},"end":{"line":730,"column":7}},{"start":{},"end":{}}],"line":728},"25":{"loc":{"start":{"line":728,"column":10},"end":{"line":728,"column":32}},"type":"binary-expr","locations":[{"start":{"line":728,"column":10},"end":{"line":728,"column":20}},{"start":{"line":728,"column":24},"end":{"line":728,"column":32}}],"line":728},"26":{"loc":{"start":{"line":731,"column":11},"end":{"line":744,"column":5}},"type":"if","locations":[{"start":{"line":731,"column":11},"end":{"line":744,"column":5}},{"start":{"line":737,"column":11},"end":{"line":744,"column":5}}],"line":731},"27":{"loc":{"start":{"line":731,"column":15},"end":{"line":731,"column":50}},"type":"binary-expr","locations":[{"start":{"line":731,"column":15},"end":{"line":731,"column":35}},{"start":{"line":731,"column":39},"end":{"line":731,"column":50}}],"line":731},"28":{"loc":{"start":{"line":734,"column":6},"end":{"line":736,"column":7}},"type":"if","locations":[{"start":{"line":734,"column":6},"end":{"line":736,"column":7}},{"start":{},"end":{}}],"line":734},"29":{"loc":{"start":{"line":734,"column":10},"end":{"line":734,"column":33}},"type":"binary-expr","locations":[{"start":{"line":734,"column":10},"end":{"line":734,"column":21}},{"start":{"line":734,"column":25},"end":{"line":734,"column":33}}],"line":734},"30":{"loc":{"start":{"line":740,"column":6},"end":{"line":743,"column":7}},"type":"if","locations":[{"start":{"line":740,"column":6},"end":{"line":743,"column":7}},{"start":{},"end":{}}],"line":740},"31":{"loc":{"start":{"line":747,"column":4},"end":{"line":758,"column":5}},"type":"if","locations":[{"start":{"line":747,"column":4},"end":{"line":758,"column":5}},{"start":{"line":753,"column":11},"end":{"line":758,"column":5}}],"line":747},"32":{"loc":{"start":{"line":747,"column":8},"end":{"line":747,"column":73}},"type":"binary-expr","locations":[{"start":{"line":747,"column":9},"end":{"line":747,"column":29}},{"start":{"line":747,"column":33},"end":{"line":747,"column":43}},{"start":{"line":747,"column":48},"end":{"line":747,"column":73}}],"line":747},"33":{"loc":{"start":{"line":750,"column":6},"end":{"line":752,"column":7}},"type":"if","locations":[{"start":{"line":750,"column":6},"end":{"line":752,"column":7}},{"start":{},"end":{}}],"line":750},"34":{"loc":{"start":{"line":750,"column":10},"end":{"line":750,"column":32}},"type":"binary-expr","locations":[{"start":{"line":750,"column":10},"end":{"line":750,"column":20}},{"start":{"line":750,"column":24},"end":{"line":750,"column":32}}],"line":750},"35":{"loc":{"start":{"line":755,"column":6},"end":{"line":757,"column":7}},"type":"if","locations":[{"start":{"line":755,"column":6},"end":{"line":757,"column":7}},{"start":{},"end":{}}],"line":755},"36":{"loc":{"start":{"line":755,"column":10},"end":{"line":755,"column":33}},"type":"binary-expr","locations":[{"start":{"line":755,"column":10},"end":{"line":755,"column":21}},{"start":{"line":755,"column":25},"end":{"line":755,"column":33}}],"line":755}},"s":{"0":0,"1":0,"2":0,"3":0,"4":0,"5":0,"6":0,"7":0,"8":0,"9":0,"10":0,"11":0,"12":0,"13":0,"14":0,"15":0,"16":0,"17":0,"18":0,"19":0,"20":0,"21":0,"22":0,"23":0,"24":0,"25":0,"26":0,"27":0,"28":0,"29":0,"30":0,"31":0,"32":0,"33":0,"34":0,"35":0,"36":0,"37":0,"38":0,"39":0,"40":0,"41":0,"42":0,"43":0,"44":0,"45":0,"46":0,"47":0,"48":0,"49":0,"50":0,"51":0,"52":0,"53":0,"54":0,"55":0,"56":0,"57":0,"58":0,"59":0,"60":0,"61":0,"62":0,"63":0,"64":0,"65":0,"66":0,"67":0,"68":0,"69":0,"70":0,"71":0,"72":0,"73":0,"74":0,"75":0,"76":0,"77":0,"78":0,"79":0,"80":0,"81":0,"82":0,"83":0,"84":0,"85":0,"86":0,"87":0,"88":0,"89":0,"90":0,"91":0,"92":0,"93":0,"94":0,"95":0,"96":0,"97":0,"98":0,"99":0,"100":0,"101":0,"102":0,"103":0,"104":0,"105":0,"106":0,"107":0,"108":0,"109":0,"110":0,"111":0,"112":0,"113":0,"114":0,"115":0,"116":0,"117":0,"118":0,"119":0,"120":0,"121":0,"122":0,"123":0,"124":0,"125":0,"126":0,"127":0,"128":0,"129":0,"130":0,"131":0,"132":0,"133":0,"134":0,"135":0,"136":0,"137":0,"138":0,"139":0,"140":0,"141":0,"142":0,"143":0,"144":0,"145":0,"146":0,"147":0,"148":0,"149":0,"150":0,"151":0,"152":0,"153":0,"154":0,"155":0,"156":0,"157":0,"158":0,"159":0,"160":0,"161":0,"162":0,"163":0,"164":0,"165":0,"166":0,"167":0,"168":0,"169":0,"170":0,"171":0,"172":0,"173":0,"174":0,"175":0,"176":0,"177":0,"178":0,"179":0,"180":0,"181":0,"182":0,"183":0,"184":0,"185":0,"186":0,"187":0,"188":0,"189":0,"190":0,"191":0,"192":0,"193":0,"194":0,"195":0,"196":0,"197":0,"198":0,"199":0,"200":0,"201":0,"202":0,"203":0,"204":0,"205":0,"206":0,"207":0,"208":0,"209":0,"210":0,"211":0,"212":0,"213":0,"214":0,"215":0,"216":0,"217":0,"218":0,"219":0,"220":0,"221":0,"222":0,"223":0,"224":0,"225":0,"226":0,"227":0,"228":0,"229":0,"230":0,"231":0,"232":0,"233":0,"234":0,"235":0,"236":0,"237":0,"238":0,"239":0,"240":0,"241":0,"242":0,"243":0,"244":0,"245":0,"246":0,"247":0,"248":0,"249":0,"250":0,"251":0,"252":0,"253":0},"f":{"0":0,"1":0,"2":0,"3":0,"4":0,"5":0,"6":0,"7":0,"8":0,"9":0,"10":0,"11":0,"12":0,"13":0,"14":0,"15":0,"16":0,"17":0,"18":0,"19":0,"20":0,"21":0,"22":0,"23":0,"24":0,"25":0,"26":0,"27":0,"28":0,"29":0,"30":0,"31":0,"32":0,"33":0,"34":0,"35":0,"36":0,"37":0,"38":0,"39":0,"40":0,"41":0,"42":0,"43":0,"44":0,"45":0,"46":0,"47":0,"48":0},"b":{"0":[0,0],"1":[0,0],"2":[0,0],"3":[0,0],"4":[0,0],"5":[0,0],"6":[0,0],"7":[0,0],"8":[0,0],"9":[0,0],"10":[0,0],"11":[0,0],"12":[0,0],"13":[0,0],"14":[0,0],"15":[0,0],"16":[0,0],"17":[0,0],"18":[0,0],"19":[0,0],"20":[0,0],"21":[0,0],"22":[0,0],"23":[0,0],"24":[0,0],"25":[0,0],"26":[0,0],"27":[0,0],"28":[0,0],"29":[0,0],"30":[0,0],"31":[0,0],"32":[0,0,0],"33":[0,0],"34":[0,0],"35":[0,0],"36":[0,0]}}
,"/home/runner/work/potato/potato/src/utils/GameStateManager.js": {"path":"/home/runner/work/potato/potato/src/utils/GameStateManager.js","statementMap":{"0":{"start":{"line":13,"column":4},"end":{"line":20,"column":6}},"1":{"start":{"line":28,"column":4},"end":{"line":30,"column":5}},"2":{"start":{"line":29,"column":6},"end":{"line":29,"column":72}},"3":{"start":{"line":31,"column":4},"end":{"line":33,"column":5}},"4":{"start":{"line":32,"column":6},"end":{"line":32,"column":64}},"5":{"start":{"line":34,"column":4},"end":{"line":36,"column":5}},"6":{"start":{"line":35,"column":6},"end":{"line":35,"column":62}},"7":{"start":{"line":37,"column":4},"end":{"line":39,"column":5}},"8":{"start":{"line":38,"column":6},"end":{"line":38,"column":70}},"9":{"start":{"line":40,"column":4},"end":{"line":42,"column":5}},"10":{"start":{"line":41,"column":6},"end":{"line":41,"column":75}},"11":{"start":{"line":43,"column":4},"end":{"line":45,"column":5}},"12":{"start":{"line":44,"column":6},"end":{"line":44,"column":62}},"13":{"start":{"line":53,"column":4},"end":{"line":55,"column":5}},"14":{"start":{"line":54,"column":6},"end":{"line":54,"column":15}},"15":{"start":{"line":56,"column":4},"end":{"line":62,"column":5}},"16":{"start":{"line":57,"column":20},"end":{"line":57,"column":72}},"17":{"start":{"line":58,"column":6},"end":{"line":58,"column":45}},"18":{"start":{"line":60,"column":6},"end":{"line":60,"column":78}},"19":{"start":{"line":61,"column":6},"end":{"line":61,"column":15}},"20":{"start":{"line":70,"column":4},"end":{"line":72,"column":5}},"21":{"start":{"line":71,"column":6},"end":{"line":71,"column":13}},"22":{"start":{"line":73,"column":4},"end":{"line":77,"column":5}},"23":{"start":{"line":74,"column":6},"end":{"line":74,"column":77}},"24":{"start":{"line":76,"column":6},"end":{"line":76,"column":76}},"25":{"start":{"line":85,"column":4},"end":{"line":87,"column":5}},"26":{"start":{"line":86,"column":6},"end":{"line":86,"column":29}},"27":{"start":{"line":88,"column":4},"end":{"line":94,"column":5}},"28":{"start":{"line":89,"column":20},"end":{"line":89,"column":68}},"29":{"start":{"line":90,"column":6},"end":{"line":90,"column":38}},"30":{"start":{"line":92,"column":6},"end":{"line":92,"column":74}},"31":{"start":{"line":93,"column":6},"end":{"line":93,"column":29}},"32":{"start":{"line":102,"column":4},"end":{"line":104,"column":5}},"33":{"start":{"line":103,"column":6},"end":{"line":103,"column":13}},"34":{"start":{"line":105,"column":4},"end":{"line":109,"column":5}},"35":{"start":{"line":106,"column":6},"end":{"line":106,"column":62}},"36":{"start":{"line":108,"column":6},"end":{"line":108,"column":72}},"37":{"start":{"line":117,"column":4},"end":{"line":119,"column":5}},"38":{"start":{"line":118,"column":6},"end":{"line":118,"column":15}},"39":{"start":{"line":120,"column":4},"end":{"line":126,"column":5}},"40":{"start":{"line":121,"column":20},"end":{"line":121,"column":67}},"41":{"start":{"line":122,"column":6},"end":{"line":122,"column":45}},"42":{"start":{"line":124,"column":6},"end":{"line":124,"column":73}},"43":{"start":{"line":125,"column":6},"end":{"line":125,"column":15}},"44":{"start":{"line":134,"column":4},"end":{"line":136,"column":5}},"45":{"start":{"line":135,"column":6},"end":{"line":135,"column":13}},"46":{"start":{"line":137,"column":4},"end":{"line":141,"column":5}},"47":{"start":{"line":138,"column":6},"end":{"line":138,"column":72}},"48":{"start":{"line":140,"column":6},"end":{"line":140,"column":71}},"49":{"start":{"line":149,"column":4},"end":{"line":151,"column":5}},"50":{"start":{"line":150,"column":6},"end":{"line":150,"column":15}},"51":{"start":{"line":152,"column":4},"end":{"line":158,"column":5}},"52":{"start":{"line":153,"column":20},"end":{"line":153,"column":71}},"53":{"start":{"line":154,"column":6},"end":{"line":154,"column":45}},"54":{"start":{"line":156,"column":6},"end":{"line":156,"column":77}},"55":{"start":{"line":157,"column":6},"end":{"line":157,"column":15}},"56":{"start":{"line":166,"column":4},"end":{"line":168,"column":5}},"57":{"start":{"line":167,"column":6},"end":{"line":167,"column":13}},"58":{"start":{"line":169,"column":4},"end":{"line":173,"column":5}},"59":{"start":{"line":170,"column":6},"end":{"line":170,"column":76}},"60":{"start":{"line":172,"column":6},"end":{"line":172,"column":75}},"61":{"start":{"line":181,"column":4},"end":{"line":183,"column":5}},"62":{"start":{"line":182,"column":6},"end":{"line":182,"column":19}},"63":{"start":{"line":184,"column":4},"end":{"line":190,"column":5}},"64":{"start":{"line":185,"column":20},"end":{"line":185,"column":77}},"65":{"start":{"line":186,"column":6},"end":{"line":186,"column":30}},"66":{"start":{"line":188,"column":6},"end":{"line":188,"column":78}},"67":{"start":{"line":189,"column":6},"end":{"line":189,"column":19}},"68":{"start":{"line":198,"column":4},"end":{"line":200,"column":5}},"69":{"start":{"line":199,"column":6},"end":{"line":199,"column":13}},"70":{"start":{"line":201,"column":4},"end":{"line":205,"column":5}},"71":{"start":{"line":202,"column":6},"end":{"line":202,"column":86}},"72":{"start":{"line":204,"column":6},"end":{"line":204,"column":76}},"73":{"start":{"line":213,"column":4},"end":{"line":215,"column":5}},"74":{"start":{"line":214,"column":6},"end":{"line":214,"column":41}},"75":{"start":{"line":216,"column":4},"end":{"line":222,"column":5}},"76":{"start":{"line":217,"column":20},"end":{"line":217,"column":67}},"77":{"start":{"line":218,"column":6},"end":{"line":218,"column":71}},"78":{"start":{"line":220,"column":6},"end":{"line":220,"column":73}},"79":{"start":{"line":221,"column":6},"end":{"line":221,"column":41}},"80":{"start":{"line":230,"column":4},"end":{"line":232,"column":5}},"81":{"start":{"line":231,"column":6},"end":{"line":231,"column":13}},"82":{"start":{"line":233,"column":4},"end":{"line":237,"column":5}},"83":{"start":{"line":234,"column":6},"end":{"line":234,"column":72}},"84":{"start":{"line":236,"column":6},"end":{"line":236,"column":71}},"85":{"start":{"line":245,"column":4},"end":{"line":245,"column":91}},"86":{"start":{"line":253,"column":4},"end":{"line":253,"column":81}},"87":{"start":{"line":261,"column":25},"end":{"line":261,"column":60}},"88":{"start":{"line":262,"column":29},"end":{"line":262,"column":68}},"89":{"start":{"line":265,"column":4},"end":{"line":267,"column":5}},"90":{"start":{"line":266,"column":6},"end":{"line":266,"column":86}},"91":{"start":{"line":270,"column":4},"end":{"line":270,"column":27}},"92":{"start":{"line":277,"column":4},"end":{"line":279,"column":5}},"93":{"start":{"line":278,"column":6},"end":{"line":278,"column":13}},"94":{"start":{"line":280,"column":4},"end":{"line":289,"column":5}},"95":{"start":{"line":281,"column":6},"end":{"line":281,"column":62}},"96":{"start":{"line":282,"column":6},"end":{"line":282,"column":58}},"97":{"start":{"line":283,"column":6},"end":{"line":283,"column":57}},"98":{"start":{"line":284,"column":6},"end":{"line":284,"column":61}},"99":{"start":{"line":285,"column":6},"end":{"line":285,"column":67}},"100":{"start":{"line":286,"column":6},"end":{"line":286,"column":57}},"101":{"start":{"line":288,"column":6},"end":{"line":288,"column":70}},"102":{"start":{"line":297,"column":29},"end":{"line":297,"column":68}},"103":{"start":{"line":298,"column":24},"end":{"line":298,"column":58}},"104":{"start":{"line":300,"column":4},"end":{"line":311,"column":6}},"105":{"start":{"line":319,"column":4},"end":{"line":326,"column":5}},"106":{"start":{"line":320,"column":19},"end":{"line":320,"column":42}},"107":{"start":{"line":321,"column":6},"end":{"line":321,"column":39}},"108":{"start":{"line":322,"column":6},"end":{"line":322,"column":36}},"109":{"start":{"line":323,"column":6},"end":{"line":323,"column":18}},"110":{"start":{"line":325,"column":6},"end":{"line":325,"column":19}}},"fnMap":{"0":{"name":"(anonymous_0)","decl":{"start":{"line":12,"column":2},"end":{"line":12,"column":3}},"loc":{"start":{"line":12,"column":25},"end":{"line":21,"column":3}},"line":12},"1":{"name":"(anonymous_1)","decl":{"start":{"line":27,"column":2},"end":{"line":27,"column":3}},"loc":{"start":{"line":27,"column":34},"end":{"line":46,"column":3}},"line":27},"2":{"name":"(anonymous_2)","decl":{"start":{"line":52,"column":2},"end":{"line":52,"column":3}},"loc":{"start":{"line":52,"column":32},"end":{"line":63,"column":3}},"line":52},"3":{"name":"(anonymous_3)","decl":{"start":{"line":69,"column":2},"end":{"line":69,"column":3}},"loc":{"start":{"line":69,"column":37},"end":{"line":78,"column":3}},"line":69},"4":{"name":"(anonymous_4)","decl":{"start":{"line":84,"column":2},"end":{"line":84,"column":3}},"loc":{"start":{"line":84,"column":28},"end":{"line":95,"column":3}},"line":84},"5":{"name":"(anonymous_5)","decl":{"start":{"line":101,"column":2},"end":{"line":101,"column":3}},"loc":{"start":{"line":101,"column":33},"end":{"line":110,"column":3}},"line":101},"6":{"name":"(anonymous_6)","decl":{"start":{"line":116,"column":2},"end":{"line":116,"column":3}},"loc":{"start":{"line":116,"column":27},"end":{"line":127,"column":3}},"line":116},"7":{"name":"(anonymous_7)","decl":{"start":{"line":133,"column":2},"end":{"line":133,"column":3}},"loc":{"start":{"line":133,"column":32},"end":{"line":142,"column":3}},"line":133},"8":{"name":"(anonymous_8)","decl":{"start":{"line":148,"column":2},"end":{"line":148,"column":3}},"loc":{"start":{"line":148,"column":31},"end":{"line":159,"column":3}},"line":148},"9":{"name":"(anonymous_9)","decl":{"start":{"line":165,"column":2},"end":{"line":165,"column":3}},"loc":{"start":{"line":165,"column":36},"end":{"line":174,"column":3}},"line":165},"10":{"name":"(anonymous_10)","decl":{"start":{"line":180,"column":2},"end":{"line":180,"column":3}},"loc":{"start":{"line":180,"column":31},"end":{"line":191,"column":3}},"line":180},"11":{"name":"(anonymous_11)","decl":{"start":{"line":197,"column":2},"end":{"line":197,"column":3}},"loc":{"start":{"line":197,"column":40},"end":{"line":206,"column":3}},"line":197},"12":{"name":"(anonymous_12)","decl":{"start":{"line":212,"column":2},"end":{"line":212,"column":3}},"loc":{"start":{"line":212,"column":27},"end":{"line":223,"column":3}},"line":212},"13":{"name":"(anonymous_13)","decl":{"start":{"line":229,"column":2},"end":{"line":229,"column":3}},"loc":{"start":{"line":229,"column":32},"end":{"line":238,"column":3}},"line":229},"14":{"name":"(anonymous_14)","decl":{"start":{"line":244,"column":2},"end":{"line":244,"column":3}},"loc":{"start":{"line":244,"column":34},"end":{"line":246,"column":3}},"line":244},"15":{"name":"(anonymous_15)","decl":{"start":{"line":252,"column":2},"end":{"line":252,"column":3}},"loc":{"start":{"line":252,"column":34},"end":{"line":254,"column":3}},"line":252},"16":{"name":"(anonymous_16)","decl":{"start":{"line":260,"column":2},"end":{"line":260,"column":3}},"loc":{"start":{"line":260,"column":26},"end":{"line":271,"column":3}},"line":260},"17":{"name":"(anonymous_17)","decl":{"start":{"line":276,"column":2},"end":{"line":276,"column":3}},"loc":{"start":{"line":276,"column":25},"end":{"line":290,"column":3}},"line":276},"18":{"name":"(anonymous_18)","decl":{"start":{"line":296,"column":2},"end":{"line":296,"column":3}},"loc":{"start":{"line":296,"column":30},"end":{"line":312,"column":3}},"line":296},"19":{"name":"(anonymous_19)","decl":{"start":{"line":318,"column":2},"end":{"line":318,"column":3}},"loc":{"start":{"line":318,"column":35},"end":{"line":327,"column":3}},"line":318}},"branchMap":{"0":{"loc":{"start":{"line":28,"column":4},"end":{"line":30,"column":5}},"type":"if","locations":[{"start":{"line":28,"column":4},"end":{"line":30,"column":5}},{"start":{},"end":{}}],"line":28},"1":{"loc":{"start":{"line":31,"column":4},"end":{"line":33,"column":5}},"type":"if","locations":[{"start":{"line":31,"column":4},"end":{"line":33,"column":5}},{"start":{},"end":{}}],"line":31},"2":{"loc":{"start":{"line":34,"column":4},"end":{"line":36,"column":5}},"type":"if","locations":[{"start":{"line":34,"column":4},"end":{"line":36,"column":5}},{"start":{},"end":{}}],"line":34},"3":{"loc":{"start":{"line":37,"column":4},"end":{"line":39,"column":5}},"type":"if","locations":[{"start":{"line":37,"column":4},"end":{"line":39,"column":5}},{"start":{},"end":{}}],"line":37},"4":{"loc":{"start":{"line":40,"column":4},"end":{"line":42,"column":5}},"type":"if","locations":[{"start":{"line":40,"column":4},"end":{"line":42,"column":5}},{"start":{},"end":{}}],"line":40},"5":{"loc":{"start":{"line":43,"column":4},"end":{"line":45,"column":5}},"type":"if","locations":[{"start":{"line":43,"column":4},"end":{"line":45,"column":5}},{"start":{},"end":{}}],"line":43},"6":{"loc":{"start":{"line":53,"column":4},"end":{"line":55,"column":5}},"type":"if","locations":[{"start":{"line":53,"column":4},"end":{"line":55,"column":5}},{"start":{},"end":{}}],"line":53},"7":{"loc":{"start":{"line":58,"column":13},"end":{"line":58,"column":44}},"type":"cond-expr","locations":[{"start":{"line":58,"column":21},"end":{"line":58,"column":40}},{"start":{"line":58,"column":43},"end":{"line":58,"column":44}}],"line":58},"8":{"loc":{"start":{"line":70,"column":4},"end":{"line":72,"column":5}},"type":"if","locations":[{"start":{"line":70,"column":4},"end":{"line":72,"column":5}},{"start":{},"end":{}}],"line":70},"9":{"loc":{"start":{"line":85,"column":4},"end":{"line":87,"column":5}},"type":"if","locations":[{"start":{"line":85,"column":4},"end":{"line":87,"column":5}},{"start":{},"end":{}}],"line":85},"10":{"loc":{"start":{"line":90,"column":13},"end":{"line":90,"column":37}},"type":"binary-expr","locations":[{"start":{"line":90,"column":13},"end":{"line":90,"column":18}},{"start":{"line":90,"column":22},"end":{"line":90,"column":37}}],"line":90},"11":{"loc":{"start":{"line":102,"column":4},"end":{"line":104,"column":5}},"type":"if","locations":[{"start":{"line":102,"column":4},"end":{"line":104,"column":5}},{"start":{},"end":{}}],"line":102},"12":{"loc":{"start":{"line":117,"column":4},"end":{"line":119,"column":5}},"type":"if","locations":[{"start":{"line":117,"column":4},"end":{"line":119,"column":5}},{"start":{},"end":{}}],"line":117},"13":{"loc":{"start":{"line":122,"column":13},"end":{"line":122,"column":44}},"type":"cond-expr","locations":[{"start":{"line":122,"column":21},"end":{"line":122,"column":40}},{"start":{"line":122,"column":43},"end":{"line":122,"column":44}}],"line":122},"14":{"loc":{"start":{"line":134,"column":4},"end":{"line":136,"column":5}},"type":"if","locations":[{"start":{"line":134,"column":4},"end":{"line":136,"column":5}},{"start":{},"end":{}}],"line":134},"15":{"loc":{"start":{"line":149,"column":4},"end":{"line":151,"column":5}},"type":"if","locations":[{"start":{"line":149,"column":4},"end":{"line":151,"column":5}},{"start":{},"end":{}}],"line":149},"16":{"loc":{"start":{"line":154,"column":13},"end":{"line":154,"column":44}},"type":"cond-expr","locations":[{"start":{"line":154,"column":21},"end":{"line":154,"column":40}},{"start":{"line":154,"column":43},"end":{"line":154,"column":44}}],"line":154},"17":{"loc":{"start":{"line":166,"column":4},"end":{"line":168,"column":5}},"type":"if","locations":[{"start":{"line":166,"column":4},"end":{"line":168,"column":5}},{"start":{},"end":{}}],"line":166},"18":{"loc":{"start":{"line":181,"column":4},"end":{"line":183,"column":5}},"type":"if","locations":[{"start":{"line":181,"column":4},"end":{"line":183,"column":5}},{"start":{},"end":{}}],"line":181},"19":{"loc":{"start":{"line":198,"column":4},"end":{"line":200,"column":5}},"type":"if","locations":[{"start":{"line":198,"column":4},"end":{"line":200,"column":5}},{"start":{},"end":{}}],"line":198},"20":{"loc":{"start":{"line":213,"column":4},"end":{"line":215,"column":5}},"type":"if","locations":[{"start":{"line":213,"column":4},"end":{"line":215,"column":5}},{"start":{},"end":{}}],"line":213},"21":{"loc":{"start":{"line":218,"column":13},"end":{"line":218,"column":70}},"type":"cond-expr","locations":[{"start":{"line":218,"column":21},"end":{"line":218,"column":40}},{"start":{"line":218,"column":43},"end":{"line":218,"column":70}}],"line":218},"22":{"loc":{"start":{"line":230,"column":4},"end":{"line":232,"column":5}},"type":"if","locations":[{"start":{"line":230,"column":4},"end":{"line":232,"column":5}},{"start":{},"end":{}}],"line":230},"23":{"loc":{"start":{"line":265,"column":4},"end":{"line":267,"column":5}},"type":"if","locations":[{"start":{"line":265,"column":4},"end":{"line":267,"column":5}},{"start":{},"end":{}}],"line":265},"24":{"loc":{"start":{"line":266,"column":13},"end":{"line":266,"column":85}},"type":"cond-expr","locations":[{"start":{"line":266,"column":50},"end":{"line":266,"column":67}},{"start":{"line":266,"column":70},"end":{"line":266,"column":85}}],"line":266},"25":{"loc":{"start":{"line":277,"column":4},"end":{"line":279,"column":5}},"type":"if","locations":[{"start":{"line":277,"column":4},"end":{"line":279,"column":5}},{"start":{},"end":{}}],"line":277},"26":{"loc":{"start":{"line":309,"column":23},"end":{"line":310,"column":68}},"type":"binary-expr","locations":[{"start":{"line":309,"column":23},"end":{"line":309,"column":79}},{"start":{"line":310,"column":22},"end":{"line":310,"column":68}}],"line":309}},"s":{"0":3,"1":2,"2":2,"3":2,"4":1,"5":2,"6":1,"7":2,"8":1,"9":2,"10":1,"11":2,"12":2,"13":32,"14":0,"15":32,"16":32,"17":32,"18":0,"19":0,"20":27,"21":0,"22":27,"23":27,"24":0,"25":10,"26":0,"27":10,"28":10,"29":10,"30":0,"31":0,"32":7,"33":0,"34":7,"35":7,"36":0,"37":14,"38":0,"39":14,"40":14,"41":14,"42":0,"43":0,"44":10,"45":0,"46":10,"47":10,"48":0,"49":5,"50":0,"51":5,"52":5,"53":5,"54":0,"55":0,"56":3,"57":0,"58":3,"59":3,"60":0,"61":8,"62":0,"63":8,"64":8,"65":8,"66":0,"67":0,"68":4,"69":0,"70":4,"71":4,"72":0,"73":8,"74":0,"75":8,"76":8,"77":8,"78":0,"79":0,"80":7,"81":0,"82":7,"83":7,"84":0,"85":3,"86":3,"87":4,"88":4,"89":4,"90":3,"91":1,"92":1,"93":0,"94":1,"95":1,"96":1,"97":1,"98":1,"99":1,"100":1,"101":0,"102":4,"103":4,"104":4,"105":137,"106":137,"107":137,"108":137,"109":137,"110":0},"f":{"0":3,"1":2,"2":32,"3":27,"4":10,"5":7,"6":14,"7":10,"8":5,"9":3,"10":8,"11":4,"12":8,"13":7,"14":3,"15":3,"16":4,"17":1,"18":4,"19":137},"b":{"0":[2,0],"1":[1,1],"2":[1,1],"3":[1,1],"4":[1,1],"5":[2,0],"6":[0,32],"7":[28,4],"8":[0,27],"9":[0,10],"10":[10,4],"11":[0,7],"12":[0,14],"13":[10,4],"14":[0,10],"15":[0,5],"16":[2,3],"17":[0,3],"18":[0,8],"19":[0,4],"20":[0,8],"21":[5,3],"22":[0,7],"23":[3,1],"24":[1,2],"25":[0,1],"26":[4,2]},"_coverageSchema":"1a1c01bbd47fc00a2c39e90264f33305004495a9","hash":"1f09495826cc042e59f1d6f8ecac28732c73677b"}
}
