TN:
SF:src/config.js
FNF:0
FNH:0
DA:4,4
DA:45,4
DA:56,4
DA:72,4
LF:4
LH:4
BRF:0
BRH:0
end_of_record
TN:
SF:src/scenes/GameScene.js
FN:9,(anonymous_0)
FN:16,(anonymous_1)
FN:42,(anonymous_2)
FN:74,(anonymous_3)
FN:95,(anonymous_4)
FN:107,(anonymous_5)
FN:138,(anonymous_6)
FN:142,(anonymous_7)
FN:146,(anonymous_8)
FN:151,(anonymous_9)
FN:155,(anonymous_10)
FN:159,(anonymous_11)
FN:164,(anonymous_12)
FN:168,(anonymous_13)
FN:172,(anonymous_14)
FN:183,(anonymous_15)
FN:219,(anonymous_16)
FN:227,(anonymous_17)
FN:237,(anonymous_18)
FN:275,(anonymous_19)
FN:283,(anonymous_20)
FN:294,(anonymous_21)
FN:318,(anonymous_22)
FN:342,(anonymous_23)
FN:382,(anonymous_24)
FN:398,(anonymous_25)
FN:421,(anonymous_26)
FN:430,(anonymous_27)
FN:454,(anonymous_28)
FN:479,(anonymous_29)
FN:498,(anonymous_30)
FN:553,(anonymous_31)
FN:557,(anonymous_32)
FN:561,(anonymous_33)
FN:565,(anonymous_34)
FN:570,(anonymous_35)
FN:580,(anonymous_36)
FN:588,(anonymous_37)
FN:608,(anonymous_38)
FN:654,(anonymous_39)
FN:658,(anonymous_40)
FN:662,(anonymous_41)
FN:666,(anonymous_42)
FN:671,(anonymous_43)
FN:675,(anonymous_44)
FN:683,(anonymous_45)
FN:694,(anonymous_46)
FN:697,(anonymous_47)
FN:718,(anonymous_48)
FNF:49
FNH:0
FNDA:0,(anonymous_0)
FNDA:0,(anonymous_1)
FNDA:0,(anonymous_2)
FNDA:0,(anonymous_3)
FNDA:0,(anonymous_4)
FNDA:0,(anonymous_5)
FNDA:0,(anonymous_6)
FNDA:0,(anonymous_7)
FNDA:0,(anonymous_8)
FNDA:0,(anonymous_9)
FNDA:0,(anonymous_10)
FNDA:0,(anonymous_11)
FNDA:0,(anonymous_12)
FNDA:0,(anonymous_13)
FNDA:0,(anonymous_14)
FNDA:0,(anonymous_15)
FNDA:0,(anonymous_16)
FNDA:0,(anonymous_17)
FNDA:0,(anonymous_18)
FNDA:0,(anonymous_19)
FNDA:0,(anonymous_20)
FNDA:0,(anonymous_21)
FNDA:0,(anonymous_22)
FNDA:0,(anonymous_23)
FNDA:0,(anonymous_24)
FNDA:0,(anonymous_25)
FNDA:0,(anonymous_26)
FNDA:0,(anonymous_27)
FNDA:0,(anonymous_28)
FNDA:0,(anonymous_29)
FNDA:0,(anonymous_30)
FNDA:0,(anonymous_31)
FNDA:0,(anonymous_32)
FNDA:0,(anonymous_33)
FNDA:0,(anonymous_34)
FNDA:0,(anonymous_35)
FNDA:0,(anonymous_36)
FNDA:0,(anonymous_37)
FNDA:0,(anonymous_38)
FNDA:0,(anonymous_39)
FNDA:0,(anonymous_40)
FNDA:0,(anonymous_41)
FNDA:0,(anonymous_42)
FNDA:0,(anonymous_43)
FNDA:0,(anonymous_44)
FNDA:0,(anonymous_45)
FNDA:0,(anonymous_46)
FNDA:0,(anonymous_47)
FNDA:0,(anonymous_48)
DA:10,0
DA:18,0
DA:19,0
DA:20,0
DA:21,0
DA:24,0
DA:25,0
DA:26,0
DA:29,0
DA:30,0
DA:31,0
DA:32,0
DA:33,0
DA:34,0
DA:35,0
DA:36,0
DA:43,0
DA:44,0
DA:47,0
DA:50,0
DA:53,0
DA:56,0
DA:59,0
DA:62,0
DA:65,0
DA:68,0
DA:75,0
DA:76,0
DA:79,0
DA:80,0
DA:83,0
DA:84,0
DA:85,0
DA:86,0
DA:89,0
DA:97,0
DA:98,0
DA:101,0
DA:108,0
DA:109,0
DA:112,0
DA:120,0
DA:126,0
DA:132,0
DA:138,0
DA:139,0
DA:142,0
DA:143,0
DA:146,0
DA:147,0
DA:151,0
DA:152,0
DA:155,0
DA:156,0
DA:159,0
DA:160,0
DA:164,0
DA:165,0
DA:168,0
DA:169,0
DA:172,0
DA:173,0
DA:177,0
DA:184,0
DA:185,0
DA:188,0
DA:189,0
DA:192,0
DA:200,0
DA:208,0
DA:220,0
DA:221,0
DA:229,0
DA:230,0
DA:238,0
DA:246,0
DA:254,0
DA:255,0
DA:259,0
DA:267,0
DA:274,0
DA:275,0
DA:276,0
DA:285,0
DA:288,0
DA:296,0
DA:304,0
DA:312,0
DA:319,0
DA:320,0
DA:322,0
DA:323,0
DA:325,0
DA:326,0
DA:329,0
DA:330,0
DA:332,0
DA:335,0
DA:336,0
DA:343,0
DA:345,0
DA:346,0
DA:349,0
DA:350,0
DA:353,0
DA:354,0
DA:357,0
DA:360,0
DA:363,0
DA:364,0
DA:367,0
DA:368,0
DA:370,0
DA:373,0
DA:384,0
DA:387,0
DA:390,0
DA:399,0
DA:400,0
DA:405,0
DA:406,0
DA:408,0
DA:417,0
DA:422,0
DA:431,0
DA:432,0
DA:433,0
DA:436,0
DA:439,0
DA:440,0
DA:441,0
DA:442,0
DA:446,0
DA:447,0
DA:456,0
DA:459,0
DA:460,0
DA:463,0
DA:466,0
DA:467,0
DA:470,0
DA:471,0
DA:474,0
DA:475,0
DA:479,0
DA:480,0
DA:481,0
DA:482,0
DA:486,0
DA:487,0
DA:488,0
DA:492,0
DA:500,0
DA:503,0
DA:504,0
DA:507,0
DA:508,0
DA:510,0
DA:513,0
DA:521,0
DA:527,0
DA:533,0
DA:541,0
DA:549,0
DA:550,0
DA:553,0
DA:554,0
DA:557,0
DA:558,0
DA:561,0
DA:562,0
DA:565,0
DA:566,0
DA:570,0
DA:571,0
DA:577,0
DA:580,0
DA:581,0
DA:590,0
DA:591,0
DA:592,0
DA:593,0
DA:594,0
DA:595,0
DA:598,0
DA:601,0
DA:602,0
DA:610,0
DA:611,0
DA:614,0
DA:615,0
DA:617,0
DA:620,0
DA:628,0
DA:634,0
DA:642,0
DA:650,0
DA:651,0
DA:654,0
DA:655,0
DA:658,0
DA:659,0
DA:662,0
DA:663,0
DA:666,0
DA:667,0
DA:671,0
DA:672,0
DA:675,0
DA:676,0
DA:685,0
DA:687,0
DA:688,0
DA:695,0
DA:697,0
DA:698,0
DA:700,0
DA:703,0
DA:704,0
DA:708,0
DA:709,0
DA:719,0
DA:720,0
DA:721,0
DA:722,0
DA:725,0
DA:726,0
DA:728,0
DA:729,0
DA:731,0
DA:732,0
DA:734,0
DA:735,0
DA:738,0
DA:740,0
DA:741,0
DA:742,0
DA:747,0
DA:748,0
DA:750,0
DA:751,0
DA:755,0
DA:756,0
LF:243
LH:0
BRDA:25,0,0,0
BRDA:25,0,1,0
BRDA:189,1,0,0
BRDA:189,1,1,0
BRDA:255,2,0,0
BRDA:255,2,1,0
BRDA:343,3,0,0
BRDA:343,3,1,0
BRDA:439,4,0,0
BRDA:439,4,1,0
BRDA:446,5,0,0
BRDA:446,5,1,0
BRDA:456,6,0,0
BRDA:456,6,1,0
BRDA:456,7,0,0
BRDA:456,7,1,0
BRDA:474,8,0,0
BRDA:474,8,1,0
BRDA:486,9,0,0
BRDA:486,9,1,0
BRDA:503,10,0,0
BRDA:503,10,1,0
BRDA:504,11,0,0
BRDA:504,11,1,0
BRDA:601,12,0,0
BRDA:601,12,1,0
BRDA:602,13,0,0
BRDA:602,13,1,0
BRDA:610,14,0,0
BRDA:610,14,1,0
BRDA:611,15,0,0
BRDA:611,15,1,0
BRDA:685,16,0,0
BRDA:685,16,1,0
BRDA:685,17,0,0
BRDA:685,17,1,0
BRDA:695,18,0,0
BRDA:695,18,1,0
BRDA:698,19,0,0
BRDA:698,19,1,0
BRDA:703,20,0,0
BRDA:703,20,1,0
BRDA:708,21,0,0
BRDA:708,21,1,0
BRDA:725,22,0,0
BRDA:725,22,1,0
BRDA:725,23,0,0
BRDA:725,23,1,0
BRDA:728,24,0,0
BRDA:728,24,1,0
BRDA:728,25,0,0
BRDA:728,25,1,0
BRDA:731,26,0,0
BRDA:731,26,1,0
BRDA:731,27,0,0
BRDA:731,27,1,0
BRDA:734,28,0,0
BRDA:734,28,1,0
BRDA:734,29,0,0
BRDA:734,29,1,0
BRDA:740,30,0,0
BRDA:740,30,1,0
BRDA:747,31,0,0
BRDA:747,31,1,0
BRDA:747,32,0,0
BRDA:747,32,1,0
BRDA:747,32,2,0
BRDA:750,33,0,0
BRDA:750,33,1,0
BRDA:750,34,0,0
BRDA:750,34,1,0
BRDA:755,35,0,0
BRDA:755,35,1,0
BRDA:755,36,0,0
BRDA:755,36,1,0
BRF:75
BRH:0
end_of_record
TN:
SF:src/utils/GameStateManager.js
FN:12,(anonymous_0)
FN:27,(anonymous_1)
FN:52,(anonymous_2)
FN:69,(anonymous_3)
FN:84,(anonymous_4)
FN:101,(anonymous_5)
FN:116,(anonymous_6)
FN:133,(anonymous_7)
FN:148,(anonymous_8)
FN:165,(anonymous_9)
FN:180,(anonymous_10)
FN:197,(anonymous_11)
FN:212,(anonymous_12)
FN:229,(anonymous_13)
FN:244,(anonymous_14)
FN:252,(anonymous_15)
FN:260,(anonymous_16)
FN:276,(anonymous_17)
FN:296,(anonymous_18)
FN:318,(anonymous_19)
FNF:20
FNH:20
FNDA:3,(anonymous_0)
FNDA:2,(anonymous_1)
FNDA:32,(anonymous_2)
FNDA:27,(anonymous_3)
FNDA:10,(anonymous_4)
FNDA:7,(anonymous_5)
FNDA:14,(anonymous_6)
FNDA:10,(anonymous_7)
FNDA:5,(anonymous_8)
FNDA:3,(anonymous_9)
FNDA:8,(anonymous_10)
FNDA:4,(anonymous_11)
FNDA:8,(anonymous_12)
FNDA:7,(anonymous_13)
FNDA:3,(anonymous_14)
FNDA:3,(anonymous_15)
FNDA:4,(anonymous_16)
FNDA:1,(anonymous_17)
FNDA:4,(anonymous_18)
FNDA:137,(anonymous_19)
DA:13,3
DA:28,2
DA:29,2
DA:31,2
DA:32,1
DA:34,2
DA:35,1
DA:37,2
DA:38,1
DA:40,2
DA:41,1
DA:43,2
DA:44,2
DA:53,32
DA:54,0
DA:56,32
DA:57,32
DA:58,32
DA:60,0
DA:61,0
DA:70,27
DA:71,0
DA:73,27
DA:74,27
DA:76,0
DA:85,10
DA:86,0
DA:88,10
DA:89,10
DA:90,10
DA:92,0
DA:93,0
DA:102,7
DA:103,0
DA:105,7
DA:106,7
DA:108,0
DA:117,14
DA:118,0
DA:120,14
DA:121,14
DA:122,14
DA:124,0
DA:125,0
DA:134,10
DA:135,0
DA:137,10
DA:138,10
DA:140,0
DA:149,5
DA:150,0
DA:152,5
DA:153,5
DA:154,5
DA:156,0
DA:157,0
DA:166,3
DA:167,0
DA:169,3
DA:170,3
DA:172,0
DA:181,8
DA:182,0
DA:184,8
DA:185,8
DA:186,8
DA:188,0
DA:189,0
DA:198,4
DA:199,0
DA:201,4
DA:202,4
DA:204,0
DA:213,8
DA:214,0
DA:216,8
DA:217,8
DA:218,8
DA:220,0
DA:221,0
DA:230,7
DA:231,0
DA:233,7
DA:234,7
DA:236,0
DA:245,3
DA:253,3
DA:261,4
DA:262,4
DA:265,4
DA:266,3
DA:270,1
DA:277,1
DA:278,0
DA:280,1
DA:281,1
DA:282,1
DA:283,1
DA:284,1
DA:285,1
DA:286,1
DA:288,0
DA:297,4
DA:298,4
DA:300,4
DA:319,137
DA:320,137
DA:321,137
DA:322,137
DA:323,137
DA:325,0
LF:111
LH:78
BRDA:28,0,0,2
BRDA:28,0,1,0
BRDA:31,1,0,1
BRDA:31,1,1,1
BRDA:34,2,0,1
BRDA:34,2,1,1
BRDA:37,3,0,1
BRDA:37,3,1,1
BRDA:40,4,0,1
BRDA:40,4,1,1
BRDA:43,5,0,2
BRDA:43,5,1,0
BRDA:53,6,0,0
BRDA:53,6,1,32
BRDA:58,7,0,28
BRDA:58,7,1,4
BRDA:70,8,0,0
BRDA:70,8,1,27
BRDA:85,9,0,0
BRDA:85,9,1,10
BRDA:90,10,0,10
BRDA:90,10,1,4
BRDA:102,11,0,0
BRDA:102,11,1,7
BRDA:117,12,0,0
BRDA:117,12,1,14
BRDA:122,13,0,10
BRDA:122,13,1,4
BRDA:134,14,0,0
BRDA:134,14,1,10
BRDA:149,15,0,0
BRDA:149,15,1,5
BRDA:154,16,0,2
BRDA:154,16,1,3
BRDA:166,17,0,0
BRDA:166,17,1,3
BRDA:181,18,0,0
BRDA:181,18,1,8
BRDA:198,19,0,0
BRDA:198,19,1,4
BRDA:213,20,0,0
BRDA:213,20,1,8
BRDA:218,21,0,5
BRDA:218,21,1,3
BRDA:230,22,0,0
BRDA:230,22,1,7
BRDA:265,23,0,3
BRDA:265,23,1,1
BRDA:266,24,0,1
BRDA:266,24,1,2
BRDA:277,25,0,0
BRDA:277,25,1,1
BRDA:309,26,0,4
BRDA:309,26,1,2
BRF:54
BRH:39
end_of_record
